#
# There is insufficient memory for the Java Runtime Environment to continue.
# Native memory allocation (mmap) failed to map 27262976 bytes for Failed to commit area from 0x0000000088000000 to 0x0000000089a00000 of length 27262976.
# Possible reasons:
#   The system is out of physical RAM or swap space
#   The process is running with CompressedOops enabled, and the Java Heap may be blocking the growth of the native heap
# Possible solutions:
#   Reduce memory load on the system
#   Increase physical memory or swap space
#   Check if swap backing store is full
#   Decrease Java heap size (-Xmx/-Xms)
#   Decrease number of Java threads
#   Decrease Java thread stack sizes (-Xss)
#   Set larger code cache with -XX:ReservedCodeCacheSize=
#   JVM is running with Unscaled Compressed Oops mode in which the Java heap is
#     placed in the first 4GB address space. The Java Heap base address is the
#     maximum limit for the native heap growth. Please use -XX:HeapBaseMinAddress
#     to set the Java Heap base and to place the Java Heap above 4GB virtual address.
# This output file may be truncated or incomplete.
#
#  Out of Memory Error (./src/hotspot/os/windows/os_windows.cpp:3301), pid=15176, tid=1612
#
# JRE version: OpenJDK Runtime Environment (11.0.11+9) (build 11.0.11+9-b60-7590822)
# Java VM: OpenJDK 64-Bit Server VM (11.0.11+9-b60-7590822, mixed mode, tiered, compressed oops, g1 gc, windows-amd64)
# No core dump will be written. Minidumps are not enabled by default on client versions of Windows
#

---------------  S U M M A R Y ------------

Command Line: --add-opens=java.base/java.util=ALL-UNNAMED --add-opens=java.base/java.lang=ALL-UNNAMED --add-opens=java.base/java.lang.invoke=ALL-UNNAMED --add-opens=java.base/java.util=ALL-UNNAMED --add-opens=java.prefs/java.util.prefs=ALL-UNNAMED --add-opens=java.prefs/java.util.prefs=ALL-UNNAMED --add-opens=java.base/java.nio.charset=ALL-UNNAMED --add-opens=java.base/java.net=ALL-UNNAMED --add-opens=java.base/java.util.concurrent.atomic=ALL-UNNAMED -Xmx2048m -Dfile.encoding=UTF-8 -Duser.country=IN -Duser.language=en -Duser.variant org.gradle.launcher.daemon.bootstrap.GradleDaemon 7.2

Host: Intel(R) Core(TM) i5-6200U CPU @ 2.30GHz, 4 cores, 7G,  Windows 10 , 64 bit Build 19041 (10.0.19041.1645)
Time: Mon Apr 25 18:56:22 2022 Eastern Daylight Time elapsed time: 16.621509 seconds (0d 0h 0m 16s)

---------------  T H R E A D  ---------------

Current thread (0x0000016d9bfe5800):  VMThread "VM Thread" [stack: 0x0000000b94400000,0x0000000b94500000] [id=1612]

Stack: [0x0000000b94400000,0x0000000b94500000]
[error occurred during error reporting (printing stack bounds), id 0xc0000005, EXCEPTION_ACCESS_VIOLATION (0xc0000005) at pc=0x0000016d857e0f2d]

Native frames: (J=compiled Java code, j=interpreted, Vv=VM code, C=native code)
V  [jvm.dll+0x5f214a]
V  [jvm.dll+0x726fb5]
V  [jvm.dll+0x7285cd]
V  [jvm.dll+0x728be5]
V  [jvm.dll+0x728b9b]
V  [jvm.dll+0x5f14e8]
V  [jvm.dll+0x5f1c78]
C  [ntdll.dll+0xa20cf]
C  [ntdll.dll+0x51454]
C  [ntdll.dll+0xa0bfe]
C  0x0000016d857e0f2d

VM_Operation (0x0000000b957f7110): G1CollectForAllocation, mode: safepoint, requested by thread 0x0000016d9f8f0800


---------------  P R O C E S S  ---------------

Threads class SMR info:
_java_thread_list=0x0000016da2206c50, length=36, elements={
0x0000016d81cda800, 0x0000016d9bfeb800, 0x0000016d9bff9800, 0x0000016d9c009800,
0x0000016d9c00c000, 0x0000016d9c00d000, 0x0000016d9c010000, 0x0000016d9c039000,
0x0000016d9c9d6000, 0x0000016d9cabc000, 0x0000016d9f615000, 0x0000016d9d7f0800,
0x0000016d9eb61800, 0x0000016d9efcf800, 0x0000016d9e128000, 0x0000016d9df9d000,
0x0000016d9f8f0800, 0x0000016d9fa28800, 0x0000016d9d422000, 0x0000016d9cf0b000,
0x0000016d9cf0d800, 0x0000016d9cf0c000, 0x0000016d9cf0c800, 0x0000016d9cf07800,
0x0000016d9cf0e000, 0x0000016d9cf08800, 0x0000016d9cf09800, 0x0000016d9cf0a000,
0x0000016da07c1800, 0x0000016da07c6800, 0x0000016da07c5800, 0x0000016da07c2800,
0x0000016da07c9800, 0x0000016da07c7800, 0x0000016d9eeeb800, 0x0000016da07ce000
}

Java Threads: ( => current thread )
  0x0000016d81cda800 JavaThread "main" [_thread_blocked, id=1804, stack(0x0000000b93e00000,0x0000000b93f00000)]
  0x0000016d9bfeb800 JavaThread "Reference Handler" daemon [_thread_blocked, id=13020, stack(0x0000000b94500000,0x0000000b94600000)]
  0x0000016d9bff9800 JavaThread "Finalizer" daemon [_thread_blocked, id=3816, stack(0x0000000b94600000,0x0000000b94700000)]
  0x0000016d9c009800 JavaThread "Signal Dispatcher" daemon [_thread_blocked, id=16568, stack(0x0000000b94700000,0x0000000b94800000)]
  0x0000016d9c00c000 JavaThread "Attach Listener" daemon [_thread_blocked, id=14844, stack(0x0000000b94800000,0x0000000b94900000)]
  0x0000016d9c00d000 JavaThread "Service Thread" daemon [_thread_blocked, id=8020, stack(0x0000000b94900000,0x0000000b94a00000)]
  0x0000016d9c010000 JavaThread "C2 CompilerThread0" daemon [_thread_blocked, id=18768, stack(0x0000000b94a00000,0x0000000b94b00000)]
  0x0000016d9c039000 JavaThread "C1 CompilerThread0" daemon [_thread_blocked, id=14072, stack(0x0000000b94b00000,0x0000000b94c00000)]
  0x0000016d9c9d6000 JavaThread "Sweeper thread" daemon [_thread_blocked, id=3372, stack(0x0000000b94c00000,0x0000000b94d00000)]
  0x0000016d9cabc000 JavaThread "Common-Cleaner" daemon [_thread_blocked, id=9964, stack(0x0000000b94d00000,0x0000000b94e00000)]
  0x0000016d9f615000 JavaThread "Daemon health stats" [_thread_blocked, id=17212, stack(0x0000000b95200000,0x0000000b95300000)]
  0x0000016d9d7f0800 JavaThread "Incoming local TCP Connector on port 50353" [_thread_in_native, id=9952, stack(0x0000000b94f00000,0x0000000b95000000)]
  0x0000016d9eb61800 JavaThread "Daemon periodic checks" [_thread_blocked, id=12708, stack(0x0000000b95300000,0x0000000b95400000)]
  0x0000016d9efcf800 JavaThread "Daemon" [_thread_blocked, id=800, stack(0x0000000b95400000,0x0000000b95500000)]
  0x0000016d9e128000 JavaThread "Handler for socket connection from /127.0.0.1:50353 to /127.0.0.1:50354" [_thread_in_native, id=14124, stack(0x0000000b95500000,0x0000000b95600000)]
  0x0000016d9df9d000 JavaThread "Cancel handler" [_thread_blocked, id=3432, stack(0x0000000b95600000,0x0000000b95700000)]
  0x0000016d9f8f0800 JavaThread "Daemon worker" [_thread_blocked, id=19156, stack(0x0000000b95700000,0x0000000b95800000)]
  0x0000016d9fa28800 JavaThread "Asynchronous log dispatcher for DefaultDaemonConnection: socket connection from /127.0.0.1:50353 to /127.0.0.1:50354" [_thread_blocked, id=1096, stack(0x0000000b95800000,0x0000000b95900000)]
  0x0000016d9d422000 JavaThread "Stdin handler" [_thread_blocked, id=18340, stack(0x0000000b95900000,0x0000000b95a00000)]
  0x0000016d9cf0b000 JavaThread "Daemon client event forwarder" [_thread_blocked, id=3668, stack(0x0000000b95a00000,0x0000000b95b00000)]
  0x0000016d9cf0d800 JavaThread "Cache worker for journal cache (C:\Users\AYESHA\.gradle\caches\journal-1)" [_thread_blocked, id=560, stack(0x0000000b95c00000,0x0000000b95d00000)]
  0x0000016d9cf0c000 JavaThread "File lock request listener" [_thread_in_native, id=3300, stack(0x0000000b95d00000,0x0000000b95e00000)]
  0x0000016d9cf0c800 JavaThread "Cache worker for file hash cache (C:\Users\AYESHA\.gradle\caches\7.2\fileHashes)" [_thread_blocked, id=4216, stack(0x0000000b95e00000,0x0000000b95f00000)]
  0x0000016d9cf07800 JavaThread "Cache worker for file hash cache (C:\Users\AYESHA\AndroidStudioProjects\QuizApp1\.gradle\7.2\fileHashes)" [_thread_blocked, id=18484, stack(0x0000000b95f00000,0x0000000b96000000)]
  0x0000016d9cf0e000 JavaThread "File watcher server" daemon [_thread_in_native, id=6784, stack(0x0000000b96100000,0x0000000b96200000)]
  0x0000016d9cf08800 JavaThread "File watcher consumer" daemon [_thread_blocked, id=15716, stack(0x0000000b96200000,0x0000000b96300000)]
  0x0000016d9cf09800 JavaThread "Cache worker for checksums cache (C:\Users\AYESHA\AndroidStudioProjects\QuizApp1\.gradle\checksums)" [_thread_blocked, id=13032, stack(0x0000000b96000000,0x0000000b96100000)]
  0x0000016d9cf0a000 JavaThread "Cache worker for cache directory md-supplier (C:\Users\AYESHA\.gradle\caches\7.2\md-supplier)" [_thread_blocked, id=3428, stack(0x0000000b96300000,0x0000000b96400000)]
  0x0000016da07c1800 JavaThread "Cache worker for cache directory md-rule (C:\Users\AYESHA\.gradle\caches\7.2\md-rule)" [_thread_blocked, id=16264, stack(0x0000000b96500000,0x0000000b96600000)]
  0x0000016da07c6800 JavaThread "Cache worker for execution history cache (C:\Users\AYESHA\.gradle\caches\7.2\executionHistory)" [_thread_blocked, id=11864, stack(0x0000000b96600000,0x0000000b96700000)]
  0x0000016da07c5800 JavaThread "jar transforms" [_thread_blocked, id=3844, stack(0x0000000b96700000,0x0000000b96800000)]
  0x0000016da07c2800 JavaThread "Cache worker for file content cache (C:\Users\AYESHA\.gradle\caches\7.2\fileContent)" [_thread_blocked, id=1524, stack(0x0000000b96800000,0x0000000b96900000)]
  0x0000016da07c9800 JavaThread "jar transforms Thread 2" [_thread_blocked, id=7292, stack(0x0000000b96900000,0x0000000b96a00000)]
  0x0000016da07c7800 JavaThread "Cache worker for dependencies-accessors (C:\Users\AYESHA\AndroidStudioProjects\QuizApp1\.gradle\7.2\dependencies-accessors)" [_thread_blocked, id=10236, stack(0x0000000b96400000,0x0000000b96500000)]
  0x0000016d9eeeb800 JavaThread "C2 CompilerThread1" daemon [_thread_blocked, id=13740, stack(0x0000000b96a00000,0x0000000b96b00000)]
  0x0000016da07ce000 JavaThread "jar transforms Thread 3" [_thread_blocked, id=7316, stack(0x0000000b96b00000,0x0000000b96c00000)]

Other Threads:
=>0x0000016d9bfe5800 VMThread "VM Thread" [stack: 0x0000000b94400000,0x0000000b94500000] [id=1612]
  0x0000016d9cad3000 WatcherThread [stack: 0x0000000b94e00000,0x0000000b94f00000] [id=8336]
  0x0000016d81cf2800 GCTaskThread "GC Thread#0" [stack: 0x0000000b93f00000,0x0000000b94000000] [id=19264]
  0x0000016d9d4f0000 GCTaskThread "GC Thread#1" [stack: 0x0000000b95000000,0x0000000b95100000] [id=14096]
  0x0000016d9d51e800 GCTaskThread "GC Thread#2" [stack: 0x0000000b95100000,0x0000000b95200000] [id=16208]
  0x0000016d9df8e800 GCTaskThread "GC Thread#3" [stack: 0x0000000b95b00000,0x0000000b95c00000] [id=19268]
  0x0000016d81d24800 ConcurrentGCThread "G1 Main Marker" [stack: 0x0000000b94000000,0x0000000b94100000] [id=10692]
  0x0000016d81d25800 ConcurrentGCThread "G1 Conc#0" [stack: 0x0000000b94100000,0x0000000b94200000] [id=16076]
  0x0000016d81db4800 ConcurrentGCThread "G1 Refine#0" [stack: 0x0000000b94200000,0x0000000b94300000] [id=8864]
  0x0000016d81db5800 ConcurrentGCThread "G1 Young RemSet Sampling" [stack: 0x0000000b94300000,0x0000000b94400000] [id=14812]

Threads with active compile tasks:
C2 CompilerThread0  16662 3817       4       org.codehaus.groovy.runtime.metaclass.MetaMethodIndex::isMatchingMethod (61 bytes)
C2 CompilerThread1  16662 3818       4       groovy.lang.MetaClassImpl$1MOPIter::methodNameAction (325 bytes)

VM state:at safepoint (normal execution)

VM Mutex/Monitor currently owned by a thread:  ([mutex/lock_event])
[0x0000016d81cd50d0] Threads_lock - owner thread: 0x0000016d9bfe5800
[0x0000016d81cd62d0] Heap_lock - owner thread: 0x0000016d9f8f0800

Heap address: 0x0000000080000000, size: 2048 MB, Compressed Oops mode: 32-bit
Narrow klass base: 0x0000000000000000, Narrow klass shift: 3
Compressed class space size: 1073741824 Address: 0x0000000100000000

Heap:
 garbage-first heap   total 157696K, used 29676K [0x0000000080000000, 0x0000000100000000)
  region size 1024K, 6 young (6144K), 6 survivors (6144K)
 Metaspace       used 43599K, capacity 44614K, committed 44876K, reserved 1087488K
  class space    used 5546K, capacity 5910K, committed 5964K, reserved 1048576K
Heap Regions: E=young(eden), S=young(survivor), O=old, HS=humongous(starts), HC=humongous(continues), CS=collection set, F=free, A=archive, TAMS=top-at-mark-start (previous, next)
|   0|0x0000000080000000, 0x0000000080100000, 0x0000000080100000|100%| O|  |TAMS 0x0000000080100000, 0x0000000080000000| Untracked 
|   1|0x0000000080100000, 0x0000000080200000, 0x0000000080200000|100%| O|  |TAMS 0x0000000080200000, 0x0000000080100000| Untracked 
|   2|0x0000000080200000, 0x0000000080300000, 0x0000000080300000|100%| O|  |TAMS 0x0000000080300000, 0x0000000080200000| Untracked 
|   3|0x0000000080300000, 0x0000000080400000, 0x0000000080400000|100%|HS|  |TAMS 0x0000000080400000, 0x0000000080300000| Complete 
|   4|0x0000000080400000, 0x0000000080500000, 0x0000000080500000|100%|HC|  |TAMS 0x0000000080500000, 0x0000000080400000| Complete 
|   5|0x0000000080500000, 0x0000000080600000, 0x0000000080600000|100%|HC|  |TAMS 0x0000000080600000, 0x0000000080500000| Complete 
|   6|0x0000000080600000, 0x0000000080700000, 0x0000000080700000|100%| O|  |TAMS 0x0000000080700000, 0x0000000080600000| Untracked 
|   7|0x0000000080700000, 0x0000000080800000, 0x0000000080800000|100%| O|  |TAMS 0x0000000080800000, 0x0000000080700000| Untracked 
|   8|0x0000000080800000, 0x0000000080900000, 0x0000000080900000|100%| O|  |TAMS 0x0000000080900000, 0x0000000080800000| Untracked 
|   9|0x0000000080900000, 0x0000000080a00000, 0x0000000080a00000|100%| O|  |TAMS 0x0000000080a00000, 0x0000000080900000| Untracked 
|  10|0x0000000080a00000, 0x0000000080b00000, 0x0000000080b00000|100%| O|  |TAMS 0x0000000080b00000, 0x0000000080a00000| Untracked 
|  11|0x0000000080b00000, 0x0000000080c00000, 0x0000000080c00000|100%| O|  |TAMS 0x0000000080c00000, 0x0000000080b00000| Untracked 
|  12|0x0000000080c00000, 0x0000000080d00000, 0x0000000080d00000|100%| O|  |TAMS 0x0000000080d00000, 0x0000000080c00000| Untracked 
|  13|0x0000000080d00000, 0x0000000080e00000, 0x0000000080e00000|100%| O|  |TAMS 0x0000000080e00000, 0x0000000080d00000| Untracked 
|  14|0x0000000080e00000, 0x0000000080f00000, 0x0000000080f00000|100%| O|  |TAMS 0x0000000080f00000, 0x0000000080e00000| Untracked 
|  15|0x0000000080f00000, 0x0000000081000000, 0x0000000081000000|100%| O|  |TAMS 0x0000000081000000, 0x0000000080f00000| Untracked 
|  16|0x0000000081000000, 0x0000000081100000, 0x0000000081100000|100%| O|  |TAMS 0x0000000081100000, 0x0000000081000000| Untracked 
|  17|0x0000000081100000, 0x0000000081200000, 0x0000000081200000|100%| O|  |TAMS 0x0000000081200000, 0x0000000081100000| Untracked 
|  18|0x0000000081200000, 0x0000000081300000, 0x0000000081300000|100%| O|  |TAMS 0x0000000081298600, 0x0000000081200000| Untracked 
|  19|0x0000000081300000, 0x0000000081300000, 0x0000000081400000|  0%| F|  |TAMS 0x0000000081300000, 0x0000000081300000| Untracked 
|  20|0x0000000081400000, 0x0000000081500000, 0x0000000081500000|100%| O|  |TAMS 0x0000000081400000, 0x0000000081400000| Untracked 
|  21|0x0000000081500000, 0x0000000081600000, 0x0000000081600000|100%| O|  |TAMS 0x0000000081500000, 0x0000000081500000| Untracked 
|  22|0x0000000081600000, 0x0000000081700000, 0x0000000081700000|100%| O|  |TAMS 0x0000000081600000, 0x0000000081600000| Untracked 
|  23|0x0000000081700000, 0x00000000817fb000, 0x0000000081800000| 98%| O|  |TAMS 0x0000000081700000, 0x0000000081700000| Untracked 
|  24|0x0000000081800000, 0x0000000081800000, 0x0000000081900000|  0%| F|  |TAMS 0x0000000081800000, 0x0000000081800000| Untracked 
|  25|0x0000000081900000, 0x0000000081900000, 0x0000000081a00000|  0%| F|  |TAMS 0x0000000081900000, 0x0000000081900000| Untracked 
|  26|0x0000000081a00000, 0x0000000081a00000, 0x0000000081b00000|  0%| F|  |TAMS 0x0000000081a00000, 0x0000000081a00000| Untracked 
|  27|0x0000000081b00000, 0x0000000081b00000, 0x0000000081c00000|  0%| F|  |TAMS 0x0000000081b00000, 0x0000000081b00000| Untracked 
|  28|0x0000000081c00000, 0x0000000081c00000, 0x0000000081d00000|  0%| F|  |TAMS 0x0000000081c00000, 0x0000000081c00000| Untracked 
|  29|0x0000000081d00000, 0x0000000081d00000, 0x0000000081e00000|  0%| F|  |TAMS 0x0000000081d00000, 0x0000000081d00000| Untracked 
|  30|0x0000000081e00000, 0x0000000081e00000, 0x0000000081f00000|  0%| F|  |TAMS 0x0000000081e00000, 0x0000000081e00000| Untracked 
|  31|0x0000000081f00000, 0x0000000081f00000, 0x0000000082000000|  0%| F|  |TAMS 0x0000000081f00000, 0x0000000081f00000| Untracked 
|  32|0x0000000082000000, 0x0000000082000000, 0x0000000082100000|  0%| F|  |TAMS 0x0000000082000000, 0x0000000082000000| Untracked 
|  33|0x0000000082100000, 0x0000000082100000, 0x0000000082200000|  0%| F|  |TAMS 0x0000000082100000, 0x0000000082100000| Untracked 
|  34|0x0000000082200000, 0x0000000082200000, 0x0000000082300000|  0%| F|  |TAMS 0x0000000082200000, 0x0000000082200000| Untracked 
|  35|0x0000000082300000, 0x0000000082300000, 0x0000000082400000|  0%| F|  |TAMS 0x0000000082300000, 0x0000000082300000| Untracked 
|  36|0x0000000082400000, 0x0000000082400000, 0x0000000082500000|  0%| F|  |TAMS 0x0000000082400000, 0x0000000082400000| Untracked 
|  37|0x0000000082500000, 0x0000000082500000, 0x0000000082600000|  0%| F|  |TAMS 0x0000000082500000, 0x0000000082500000| Untracked 
|  38|0x0000000082600000, 0x0000000082600000, 0x0000000082700000|  0%| F|  |TAMS 0x0000000082600000, 0x0000000082600000| Untracked 
|  39|0x0000000082700000, 0x0000000082700000, 0x0000000082800000|  0%| F|  |TAMS 0x0000000082700000, 0x0000000082700000| Untracked 
|  40|0x0000000082800000, 0x0000000082800000, 0x0000000082900000|  0%| F|  |TAMS 0x0000000082800000, 0x0000000082800000| Untracked 
|  41|0x0000000082900000, 0x0000000082900000, 0x0000000082a00000|  0%| F|  |TAMS 0x0000000082900000, 0x0000000082900000| Untracked 
|  42|0x0000000082a00000, 0x0000000082a00000, 0x0000000082b00000|  0%| F|  |TAMS 0x0000000082a00000, 0x0000000082a00000| Untracked 
|  43|0x0000000082b00000, 0x0000000082b00000, 0x0000000082c00000|  0%| F|  |TAMS 0x0000000082b00000, 0x0000000082b00000| Untracked 
|  44|0x0000000082c00000, 0x0000000082c00000, 0x0000000082d00000|  0%| F|  |TAMS 0x0000000082c00000, 0x0000000082c00000| Untracked 
|  45|0x0000000082d00000, 0x0000000082d00000, 0x0000000082e00000|  0%| F|  |TAMS 0x0000000082d00000, 0x0000000082d00000| Untracked 
|  46|0x0000000082e00000, 0x0000000082e00000, 0x0000000082f00000|  0%| F|  |TAMS 0x0000000082e00000, 0x0000000082e00000| Untracked 
|  47|0x0000000082f00000, 0x0000000082f00000, 0x0000000083000000|  0%| F|  |TAMS 0x0000000082f00000, 0x0000000082f00000| Untracked 
|  48|0x0000000083000000, 0x0000000083000000, 0x0000000083100000|  0%| F|  |TAMS 0x0000000083000000, 0x0000000083000000| Untracked 
|  49|0x0000000083100000, 0x0000000083100000, 0x0000000083200000|  0%| F|  |TAMS 0x0000000083100000, 0x0000000083100000| Untracked 
|  50|0x0000000083200000, 0x0000000083200000, 0x0000000083300000|  0%| F|  |TAMS 0x0000000083200000, 0x0000000083200000| Untracked 
|  51|0x0000000083300000, 0x0000000083300000, 0x0000000083400000|  0%| F|  |TAMS 0x0000000083300000, 0x0000000083300000| Untracked 
|  52|0x0000000083400000, 0x0000000083400000, 0x0000000083500000|  0%| F|  |TAMS 0x0000000083400000, 0x0000000083400000| Untracked 
|  53|0x0000000083500000, 0x0000000083500000, 0x0000000083600000|  0%| F|  |TAMS 0x0000000083500000, 0x0000000083500000| Untracked 
|  54|0x0000000083600000, 0x0000000083600000, 0x0000000083700000|  0%| F|  |TAMS 0x0000000083600000, 0x0000000083600000| Untracked 
|  55|0x0000000083700000, 0x0000000083700000, 0x0000000083800000|  0%| F|  |TAMS 0x0000000083700000, 0x0000000083700000| Untracked 
|  56|0x0000000083800000, 0x0000000083800000, 0x0000000083900000|  0%| F|  |TAMS 0x0000000083800000, 0x0000000083800000| Untracked 
|  57|0x0000000083900000, 0x0000000083900000, 0x0000000083a00000|  0%| F|  |TAMS 0x0000000083900000, 0x0000000083900000| Untracked 
|  58|0x0000000083a00000, 0x0000000083a00000, 0x0000000083b00000|  0%| F|  |TAMS 0x0000000083a00000, 0x0000000083a00000| Untracked 
|  59|0x0000000083b00000, 0x0000000083b00000, 0x0000000083c00000|  0%| F|  |TAMS 0x0000000083b00000, 0x0000000083b00000| Untracked 
|  60|0x0000000083c00000, 0x0000000083c00000, 0x0000000083d00000|  0%| F|  |TAMS 0x0000000083c00000, 0x0000000083c00000| Untracked 
|  61|0x0000000083d00000, 0x0000000083d00000, 0x0000000083e00000|  0%| F|  |TAMS 0x0000000083d00000, 0x0000000083d00000| Untracked 
|  62|0x0000000083e00000, 0x0000000083e00000, 0x0000000083f00000|  0%| F|  |TAMS 0x0000000083e00000, 0x0000000083e00000| Untracked 
|  63|0x0000000083f00000, 0x0000000083f00000, 0x0000000084000000|  0%| F|  |TAMS 0x0000000083f00000, 0x0000000083f00000| Untracked 
|  64|0x0000000084000000, 0x0000000084000000, 0x0000000084100000|  0%| F|  |TAMS 0x0000000084000000, 0x0000000084000000| Untracked 
|  65|0x0000000084100000, 0x0000000084100000, 0x0000000084200000|  0%| F|  |TAMS 0x0000000084100000, 0x0000000084100000| Untracked 
|  66|0x0000000084200000, 0x0000000084200000, 0x0000000084300000|  0%| F|  |TAMS 0x0000000084200000, 0x0000000084200000| Untracked 
|  67|0x0000000084300000, 0x0000000084400000, 0x0000000084400000|100%| S|CS|TAMS 0x0000000084300000, 0x0000000084300000| Complete 
|  68|0x0000000084400000, 0x0000000084500000, 0x0000000084500000|100%| S|CS|TAMS 0x0000000084400000, 0x0000000084400000| Complete 
|  69|0x0000000084500000, 0x0000000084600000, 0x0000000084600000|100%| S|CS|TAMS 0x0000000084500000, 0x0000000084500000| Complete 
|  70|0x0000000084600000, 0x0000000084600000, 0x0000000084700000|  0%| F|  |TAMS 0x0000000084600000, 0x0000000084600000| Untracked 
|  71|0x0000000084700000, 0x0000000084700000, 0x0000000084800000|  0%| F|  |TAMS 0x0000000084700000, 0x0000000084700000| Untracked 
|  72|0x0000000084800000, 0x0000000084800000, 0x0000000084900000|  0%| F|  |TAMS 0x0000000084800000, 0x0000000084800000| Untracked 
|  73|0x0000000084900000, 0x0000000084900000, 0x0000000084a00000|  0%| F|  |TAMS 0x0000000084900000, 0x0000000084900000| Untracked 
|  74|0x0000000084a00000, 0x0000000084a00000, 0x0000000084b00000|  0%| F|  |TAMS 0x0000000084a00000, 0x0000000084a00000| Untracked 
|  75|0x0000000084b00000, 0x0000000084b00000, 0x0000000084c00000|  0%| F|  |TAMS 0x0000000084b00000, 0x0000000084b00000| Untracked 
|  76|0x0000000084c00000, 0x0000000084c00000, 0x0000000084d00000|  0%| F|  |TAMS 0x0000000084c00000, 0x0000000084c00000| Untracked 
|  77|0x0000000084d00000, 0x0000000084e00000, 0x0000000084e00000|100%| S|CS|TAMS 0x0000000084d00000, 0x0000000084d00000| Complete 
|  78|0x0000000084e00000, 0x0000000084f00000, 0x0000000084f00000|100%| S|CS|TAMS 0x0000000084e00000, 0x0000000084e00000| Complete 
|  79|0x0000000084f00000, 0x0000000085000000, 0x0000000085000000|100%| S|CS|TAMS 0x0000000084f00000, 0x0000000084f00000| Complete 
|  80|0x0000000085000000, 0x0000000085000000, 0x0000000085100000|  0%| F|  |TAMS 0x0000000085000000, 0x0000000085000000| Untracked 
|  81|0x0000000085100000, 0x0000000085100000, 0x0000000085200000|  0%| F|  |TAMS 0x0000000085100000, 0x0000000085100000| Untracked 
|  82|0x0000000085200000, 0x0000000085200000, 0x0000000085300000|  0%| F|  |TAMS 0x0000000085200000, 0x0000000085200000| Untracked 
|  83|0x0000000085300000, 0x0000000085300000, 0x0000000085400000|  0%| F|  |TAMS 0x0000000085300000, 0x0000000085300000| Untracked 
|  84|0x0000000085400000, 0x0000000085400000, 0x0000000085500000|  0%| F|  |TAMS 0x0000000085400000, 0x0000000085400000| Untracked 
|  85|0x0000000085500000, 0x0000000085500000, 0x0000000085600000|  0%| F|  |TAMS 0x0000000085500000, 0x0000000085500000| Untracked 
|  86|0x0000000085600000, 0x0000000085600000, 0x0000000085700000|  0%| F|  |TAMS 0x0000000085600000, 0x0000000085600000| Untracked 
|  87|0x0000000085700000, 0x0000000085700000, 0x0000000085800000|  0%| F|  |TAMS 0x0000000085700000, 0x0000000085700000| Untracked 
|  88|0x0000000085800000, 0x0000000085800000, 0x0000000085900000|  0%| F|  |TAMS 0x0000000085800000, 0x0000000085800000| Untracked 
|  89|0x0000000085900000, 0x0000000085900000, 0x0000000085a00000|  0%| F|  |TAMS 0x0000000085900000, 0x0000000085900000| Untracked 
|  90|0x0000000085a00000, 0x0000000085a00000, 0x0000000085b00000|  0%| F|  |TAMS 0x0000000085a00000, 0x0000000085a00000| Untracked 
|  91|0x0000000085b00000, 0x0000000085b00000, 0x0000000085c00000|  0%| F|  |TAMS 0x0000000085b00000, 0x0000000085b00000| Untracked 
|  92|0x0000000085c00000, 0x0000000085c00000, 0x0000000085d00000|  0%| F|  |TAMS 0x0000000085c00000, 0x0000000085c00000| Untracked 
|  93|0x0000000085d00000, 0x0000000085d00000, 0x0000000085e00000|  0%| F|  |TAMS 0x0000000085d00000, 0x0000000085d00000| Untracked 
|  94|0x0000000085e00000, 0x0000000085e00000, 0x0000000085f00000|  0%| F|  |TAMS 0x0000000085e00000, 0x0000000085e00000| Untracked 
|  95|0x0000000085f00000, 0x0000000085f00000, 0x0000000086000000|  0%| F|  |TAMS 0x0000000085f00000, 0x0000000085f00000| Untracked 
|  96|0x0000000086000000, 0x0000000086000000, 0x0000000086100000|  0%| F|  |TAMS 0x0000000086000000, 0x0000000086000000| Untracked 
|  97|0x0000000086100000, 0x0000000086100000, 0x0000000086200000|  0%| F|  |TAMS 0x0000000086100000, 0x0000000086100000| Untracked 
|  98|0x0000000086200000, 0x0000000086200000, 0x0000000086300000|  0%| F|  |TAMS 0x0000000086200000, 0x0000000086200000| Untracked 
|  99|0x0000000086300000, 0x0000000086300000, 0x0000000086400000|  0%| F|  |TAMS 0x0000000086300000, 0x0000000086300000| Untracked 
| 100|0x0000000086400000, 0x0000000086400000, 0x0000000086500000|  0%| F|  |TAMS 0x0000000086400000, 0x0000000086400000| Untracked 
| 101|0x0000000086500000, 0x0000000086500000, 0x0000000086600000|  0%| F|  |TAMS 0x0000000086500000, 0x0000000086500000| Untracked 
| 102|0x0000000086600000, 0x0000000086600000, 0x0000000086700000|  0%| F|  |TAMS 0x0000000086600000, 0x0000000086600000| Untracked 
| 103|0x0000000086700000, 0x0000000086700000, 0x0000000086800000|  0%| F|  |TAMS 0x0000000086700000, 0x0000000086700000| Untracked 
| 104|0x0000000086800000, 0x0000000086800000, 0x0000000086900000|  0%| F|  |TAMS 0x0000000086800000, 0x0000000086800000| Untracked 
| 105|0x0000000086900000, 0x0000000086900000, 0x0000000086a00000|  0%| F|  |TAMS 0x0000000086900000, 0x0000000086900000| Untracked 
| 106|0x0000000086a00000, 0x0000000086a00000, 0x0000000086b00000|  0%| F|  |TAMS 0x0000000086a00000, 0x0000000086a00000| Untracked 
| 107|0x0000000086b00000, 0x0000000086b00000, 0x0000000086c00000|  0%| F|  |TAMS 0x0000000086b00000, 0x0000000086b00000| Untracked 
| 108|0x0000000086c00000, 0x0000000086c00000, 0x0000000086d00000|  0%| F|  |TAMS 0x0000000086c00000, 0x0000000086c00000| Untracked 
| 109|0x0000000086d00000, 0x0000000086d00000, 0x0000000086e00000|  0%| F|  |TAMS 0x0000000086d00000, 0x0000000086d00000| Untracked 
| 110|0x0000000086e00000, 0x0000000086e00000, 0x0000000086f00000|  0%| F|  |TAMS 0x0000000086e00000, 0x0000000086e00000| Untracked 
| 111|0x0000000086f00000, 0x0000000086f00000, 0x0000000087000000|  0%| F|  |TAMS 0x0000000086f00000, 0x0000000086f00000| Untracked 
| 112|0x0000000087000000, 0x0000000087000000, 0x0000000087100000|  0%| F|  |TAMS 0x0000000087000000, 0x0000000087000000| Untracked 
| 113|0x0000000087100000, 0x0000000087100000, 0x0000000087200000|  0%| F|  |TAMS 0x0000000087100000, 0x0000000087100000| Untracked 
| 114|0x0000000087200000, 0x0000000087200000, 0x0000000087300000|  0%| F|  |TAMS 0x0000000087200000, 0x0000000087200000| Untracked 
| 115|0x0000000087300000, 0x0000000087300000, 0x0000000087400000|  0%| F|  |TAMS 0x0000000087300000, 0x0000000087300000| Untracked 
| 116|0x0000000087400000, 0x0000000087400000, 0x0000000087500000|  0%| F|  |TAMS 0x0000000087400000, 0x0000000087400000| Untracked 
| 117|0x0000000087500000, 0x0000000087500000, 0x0000000087600000|  0%| F|  |TAMS 0x0000000087500000, 0x0000000087500000| Untracked 
| 118|0x0000000087600000, 0x0000000087600000, 0x0000000087700000|  0%| F|  |TAMS 0x0000000087600000, 0x0000000087600000| Untracked 
| 119|0x0000000087700000, 0x0000000087700000, 0x0000000087800000|  0%| F|  |TAMS 0x0000000087700000, 0x0000000087700000| Untracked 
| 120|0x0000000087800000, 0x0000000087800000, 0x0000000087900000|  0%| F|  |TAMS 0x0000000087800000, 0x0000000087800000| Untracked 
| 121|0x0000000087900000, 0x0000000087900000, 0x0000000087a00000|  0%| F|  |TAMS 0x0000000087900000, 0x0000000087900000| Untracked 
| 122|0x0000000087a00000, 0x0000000087a00000, 0x0000000087b00000|  0%| F|  |TAMS 0x0000000087a00000, 0x0000000087a00000| Untracked 
| 123|0x0000000087b00000, 0x0000000087b00000, 0x0000000087c00000|  0%| F|  |TAMS 0x0000000087b00000, 0x0000000087b00000| Untracked 
| 124|0x0000000087c00000, 0x0000000087c00000, 0x0000000087d00000|  0%| F|  |TAMS 0x0000000087c00000, 0x0000000087c00000| Untracked 
| 125|0x0000000087d00000, 0x0000000087d00000, 0x0000000087e00000|  0%| F|  |TAMS 0x0000000087d00000, 0x0000000087d00000| Untracked 
| 126|0x0000000087e00000, 0x0000000087e00000, 0x0000000087f00000|  0%| F|  |TAMS 0x0000000087e00000, 0x0000000087e00000| Untracked 
| 127|0x0000000087f00000, 0x0000000087f00000, 0x0000000088000000|  0%| F|  |TAMS 0x0000000087f00000, 0x0000000087f00000| Untracked 

Card table byte_map: [0x0000016d95200000,0x0000016d95600000] _byte_map_base: 0x0000016d94e00000

Marking Bits (Prev, Next): (CMBitMap*) 0x0000016d81d1b988, (CMBitMap*) 0x0000016d81d1b9c0
 Prev Bits: [0x0000016d95a00000, 0x0000016d97a00000)
 Next Bits: [0x0000016d97a00000, 0x0000016d99a00000)

Polling page: 0x0000016d802c0000

Metaspace:

Usage:
  Non-class:     37.80 MB capacity,    37.16 MB ( 98%) used,   549.20 KB (  1%) free+waste,   102.06 KB ( <1%) overhead. 
      Class:      5.77 MB capacity,     5.42 MB ( 94%) used,   315.02 KB (  5%) free+waste,    48.69 KB ( <1%) overhead. 
       Both:     43.57 MB capacity,    42.58 MB ( 98%) used,   864.22 KB (  2%) free+waste,   150.75 KB ( <1%) overhead. 

Virtual space:
  Non-class space:       38.00 MB reserved,      38.00 MB (100%) committed 
      Class space:        1.00 GB reserved,       5.82 MB ( <1%) committed 
             Both:        1.04 GB reserved,      43.82 MB (  4%) committed 

Chunk freelists:
   Non-Class:  16.00 KB
       Class:  10.00 KB
        Both:  26.00 KB

MaxMetaspaceSize: 17179869184.00 GB
CompressedClassSpaceSize: 1.00 GB

CodeHeap 'non-profiled nmethods': size=120064Kb used=2197Kb max_used=2197Kb free=117866Kb
 bounds [0x0000016d8d2a0000, 0x0000016d8d510000, 0x0000016d947e0000]
CodeHeap 'profiled nmethods': size=120000Kb used=8269Kb max_used=8269Kb free=111731Kb
 bounds [0x0000016d85d70000, 0x0000016d86590000, 0x0000016d8d2a0000]
CodeHeap 'non-nmethods': size=5696Kb used=2204Kb max_used=2241Kb free=3491Kb
 bounds [0x0000016d857e0000, 0x0000016d85a50000, 0x0000016d85d70000]
 total_blobs=4604 nmethods=3835 adapters=680
 compilation: enabled
              stopped_count=0, restarted_count=0
 full_count=0

Compilation events (20 events):
Event: 16.518 Thread 0x0000016d9c039000 3834       3       org.gradle.internal.instantiation.generator.AbstractClassGenerator$GeneratedClassImpl$GeneratedConstructorImpl::getParameterTypes (8 bytes)
Event: 16.519 Thread 0x0000016d9c039000 nmethod 3834 0x0000016d86581090 code [0x0000016d86581260, 0x0000016d86581568]
Event: 16.519 Thread 0x0000016d9c039000 3835       1       org.gradle.internal.instantiation.generator.DefaultInstantiationScheme::instantiator (5 bytes)
Event: 16.519 Thread 0x0000016d9c039000 nmethod 3835 0x0000016d8d4c0390 code [0x0000016d8d4c0540, 0x0000016d8d4c05f8]
Event: 16.519 Thread 0x0000016d9c039000 3836       1       org.gradle.internal.instantiation.generator.AbstractClassGenerator$GeneratedClassImpl::getOuterType (5 bytes)
Event: 16.519 Thread 0x0000016d9c039000 nmethod 3836 0x0000016d8d4c0690 code [0x0000016d8d4c0840, 0x0000016d8d4c08f8]
Event: 16.525 Thread 0x0000016d9c010000 nmethod 3792 0x0000016d8d4c0990 code [0x0000016d8d4c0c80, 0x0000016d8d4c3260]
Event: 16.525 Thread 0x0000016d9c010000 3817       4       org.codehaus.groovy.runtime.metaclass.MetaMethodIndex::isMatchingMethod (61 bytes)
Event: 16.543 Thread 0x0000016d9c039000 3838       1       com.google.common.cache.LocalCache$2::peek (2 bytes)
Event: 16.544 Thread 0x0000016d9c039000 nmethod 3838 0x0000016d8d4c4c10 code [0x0000016d8d4c4dc0, 0x0000016d8d4c4e78]
Event: 16.544 Thread 0x0000016d9c039000 3839       1       com.google.common.cache.LocalCache$StrongEntry::getValueReference (5 bytes)
Event: 16.544 Thread 0x0000016d9c039000 nmethod 3839 0x0000016d8d4c4f10 code [0x0000016d8d4c50c0, 0x0000016d8d4c5178]
Event: 16.546 Thread 0x0000016d9c039000 3840       3       java.lang.invoke.MemberName::equals (69 bytes)
Event: 16.547 Thread 0x0000016d9c039000 nmethod 3840 0x0000016d86581690 code [0x0000016d86581940, 0x0000016d86582638]
Event: 16.567 Thread 0x0000016d9c039000 3841       3       org.gradle.internal.service.DefaultServiceRegistry$CompositeServiceProvider::getAll (43 bytes)
Event: 16.568 Thread 0x0000016d9c039000 nmethod 3841 0x0000016d86582990 code [0x0000016d86582b60, 0x0000016d86582e08]
Event: 16.568 Thread 0x0000016d9c039000 3842       3       org.gradle.internal.service.DefaultServiceRegistry$ParentServices::getAll (12 bytes)
Event: 16.568 Thread 0x0000016d9c039000 nmethod 3842 0x0000016d86582f90 code [0x0000016d86583140, 0x0000016d86583308]
Event: 16.569 Thread 0x0000016d9c039000 3843       1       org.gradle.internal.instantiation.generator.AbstractClassGenerator$GeneratedClassImpl::getConstructors (5 bytes)
Event: 16.569 Thread 0x0000016d9c039000 nmethod 3843 0x0000016d8d4c5210 code [0x0000016d8d4c53c0, 0x0000016d8d4c5478]

GC Heap History (19 events):
Event: 1.759 GC heap before
{Heap before GC invocations=0 (full 0):
 garbage-first heap   total 131072K, used 19456K [0x0000000080000000, 0x0000000100000000)
  region size 1024K, 14 young (14336K), 0 survivors (0K)
 Metaspace       used 6745K, capacity 6929K, committed 7168K, reserved 1056768K
  class space    used 582K, capacity 650K, committed 768K, reserved 1048576K
}
Event: 1.787 GC heap after
{Heap after GC invocations=1 (full 0):
 garbage-first heap   total 131072K, used 7881K [0x0000000080000000, 0x0000000100000000)
  region size 1024K, 2 young (2048K), 2 survivors (2048K)
 Metaspace       used 6745K, capacity 6929K, committed 7168K, reserved 1056768K
  class space    used 582K, capacity 650K, committed 768K, reserved 1048576K
}
Event: 2.586 GC heap before
{Heap before GC invocations=1 (full 0):
 garbage-first heap   total 131072K, used 20169K [0x0000000080000000, 0x0000000100000000)
  region size 1024K, 14 young (14336K), 2 survivors (2048K)
 Metaspace       used 10280K, capacity 10499K, committed 10624K, reserved 1058816K
  class space    used 1072K, capacity 1141K, committed 1152K, reserved 1048576K
}
Event: 2.592 GC heap after
{Heap after GC invocations=2 (full 0):
 garbage-first heap   total 131072K, used 9595K [0x0000000080000000, 0x0000000100000000)
  region size 1024K, 2 young (2048K), 2 survivors (2048K)
 Metaspace       used 10280K, capacity 10499K, committed 10624K, reserved 1058816K
  class space    used 1072K, capacity 1141K, committed 1152K, reserved 1048576K
}
Event: 3.459 GC heap before
{Heap before GC invocations=2 (full 0):
 garbage-first heap   total 131072K, used 39291K [0x0000000080000000, 0x0000000100000000)
  region size 1024K, 31 young (31744K), 2 survivors (2048K)
 Metaspace       used 11243K, capacity 11454K, committed 11520K, reserved 1058816K
  class space    used 1176K, capacity 1246K, committed 1280K, reserved 1048576K
}
Event: 3.464 GC heap after
{Heap after GC invocations=3 (full 0):
 garbage-first heap   total 131072K, used 12721K [0x0000000080000000, 0x0000000100000000)
  region size 1024K, 4 young (4096K), 4 survivors (4096K)
 Metaspace       used 11243K, capacity 11454K, committed 11520K, reserved 1058816K
  class space    used 1176K, capacity 1246K, committed 1280K, reserved 1048576K
}
Event: 6.355 GC heap before
{Heap before GC invocations=3 (full 0):
 garbage-first heap   total 131072K, used 55729K [0x0000000080000000, 0x0000000100000000)
  region size 1024K, 46 young (47104K), 4 survivors (4096K)
 Metaspace       used 17711K, capacity 18069K, committed 18176K, reserved 1064960K
  class space    used 2101K, capacity 2221K, committed 2304K, reserved 1048576K
}
Event: 6.371 GC heap after
{Heap after GC invocations=4 (full 0):
 garbage-first heap   total 131072K, used 16292K [0x0000000080000000, 0x0000000100000000)
  region size 1024K, 6 young (6144K), 6 survivors (6144K)
 Metaspace       used 17711K, capacity 18069K, committed 18176K, reserved 1064960K
  class space    used 2101K, capacity 2221K, committed 2304K, reserved 1048576K
}
Event: 6.921 GC heap before
{Heap before GC invocations=4 (full 0):
 garbage-first heap   total 131072K, used 39844K [0x0000000080000000, 0x0000000100000000)
  region size 1024K, 30 young (30720K), 6 survivors (6144K)
 Metaspace       used 20709K, capacity 21089K, committed 21248K, reserved 1067008K
  class space    used 2542K, capacity 2695K, committed 2816K, reserved 1048576K
}
Event: 6.933 GC heap after
{Heap after GC invocations=5 (full 0):
 garbage-first heap   total 131072K, used 17250K [0x0000000080000000, 0x0000000100000000)
  region size 1024K, 1 young (1024K), 1 survivors (1024K)
 Metaspace       used 20709K, capacity 21089K, committed 21248K, reserved 1067008K
  class space    used 2542K, capacity 2695K, committed 2816K, reserved 1048576K
}
Event: 7.966 GC heap before
{Heap before GC invocations=6 (full 0):
 garbage-first heap   total 131072K, used 66402K [0x0000000080000000, 0x0000000100000000)
  region size 1024K, 49 young (50176K), 1 survivors (1024K)
 Metaspace       used 25811K, capacity 26420K, committed 26752K, reserved 1073152K
  class space    used 3371K, capacity 3585K, committed 3712K, reserved 1048576K
}
Event: 7.976 GC heap after
{Heap after GC invocations=7 (full 0):
 garbage-first heap   total 131072K, used 19105K [0x0000000080000000, 0x0000000100000000)
  region size 1024K, 3 young (3072K), 3 survivors (3072K)
 Metaspace       used 25811K, capacity 26420K, committed 26752K, reserved 1073152K
  class space    used 3371K, capacity 3585K, committed 3712K, reserved 1048576K
}
Event: 9.812 GC heap before
{Heap before GC invocations=7 (full 0):
 garbage-first heap   total 131072K, used 73377K [0x0000000080000000, 0x0000000100000000)
  region size 1024K, 56 young (57344K), 3 survivors (3072K)
 Metaspace       used 31912K, capacity 32612K, committed 32768K, reserved 1077248K
  class space    used 4223K, capacity 4504K, committed 4608K, reserved 1048576K
}
Event: 9.823 GC heap after
{Heap after GC invocations=8 (full 0):
 garbage-first heap   total 131072K, used 21453K [0x0000000080000000, 0x0000000100000000)
  region size 1024K, 5 young (5120K), 5 survivors (5120K)
 Metaspace       used 31912K, capacity 32612K, committed 32768K, reserved 1077248K
  class space    used 4223K, capacity 4504K, committed 4608K, reserved 1048576K
}
Event: 10.463 GC heap before
{Heap before GC invocations=8 (full 0):
 garbage-first heap   total 131072K, used 29645K [0x0000000080000000, 0x0000000100000000)
  region size 1024K, 14 young (14336K), 5 survivors (5120K)
 Metaspace       used 35064K, capacity 35794K, committed 35840K, reserved 1081344K
  class space    used 4555K, capacity 4863K, committed 4864K, reserved 1048576K
}
Event: 10.482 GC heap after
{Heap after GC invocations=9 (full 0):
 garbage-first heap   total 131072K, used 22961K [0x0000000080000000, 0x0000000100000000)
  region size 1024K, 4 young (4096K), 4 survivors (4096K)
 Metaspace       used 35064K, capacity 35794K, committed 35840K, reserved 1081344K
  class space    used 4555K, capacity 4863K, committed 4864K, reserved 1048576K
}
Event: 13.445 GC heap before
{Heap before GC invocations=10 (full 0):
 garbage-first heap   total 131072K, used 73137K [0x0000000080000000, 0x0000000100000000)
  region size 1024K, 51 young (52224K), 4 survivors (4096K)
 Metaspace       used 38843K, capacity 39849K, committed 39884K, reserved 1083392K
  class space    used 4953K, capacity 5314K, committed 5324K, reserved 1048576K
}
Event: 13.463 GC heap after
{Heap after GC invocations=11 (full 0):
 garbage-first heap   total 131072K, used 27095K [0x0000000080000000, 0x0000000100000000)
  region size 1024K, 7 young (7168K), 7 survivors (7168K)
 Metaspace       used 38843K, capacity 39849K, committed 39884K, reserved 1083392K
  class space    used 4953K, capacity 5314K, committed 5324K, reserved 1048576K
}
Event: 16.599 GC heap before
{Heap before GC invocations=11 (full 0):
 garbage-first heap   total 131072K, used 77271K [0x0000000080000000, 0x0000000100000000)
  region size 1024K, 55 young (56320K), 7 survivors (7168K)
 Metaspace       used 43599K, capacity 44614K, committed 44876K, reserved 1087488K
  class space    used 5546K, capacity 5910K, committed 5964K, reserved 1048576K
}

Deoptimization events (20 events):
Event: 16.148 Thread 0x0000016d9f8f0800 Uncommon trap: trap_request=0xffffff4d fr.pc=0x0000016d8d3d9388 relative=0x00000000000000e8
Event: 16.148 Thread 0x0000016d9f8f0800 Uncommon trap: reason=unstable_if action=reinterpret pc=0x0000016d8d3d9388 method=org.objectweb.asm.ByteVector.putShort(I)Lorg/objectweb/asm/ByteVector; @ 13 c2
Event: 16.148 Thread 0x0000016d9f8f0800 DEOPT PACKING pc=0x0000016d8d3d9388 sp=0x0000000b957f9380
Event: 16.148 Thread 0x0000016d9f8f0800 DEOPT UNPACKING pc=0x0000016d8580662f sp=0x0000000b957f9318 mode 2
Event: 16.181 Thread 0x0000016d9f8f0800 Uncommon trap: trap_request=0xffffff4d fr.pc=0x0000016d8d475bf8 relative=0x0000000000001fd8
Event: 16.181 Thread 0x0000016d9f8f0800 Uncommon trap: reason=unstable_if action=reinterpret pc=0x0000016d8d475bf8 method=java.util.concurrent.ConcurrentHashMap.computeIfAbsent(Ljava/lang/Object;Ljava/util/function/Function;)Ljava/lang/Object; @ 123 c2
Event: 16.181 Thread 0x0000016d9f8f0800 DEOPT PACKING pc=0x0000016d8d475bf8 sp=0x0000000b957fa860
Event: 16.181 Thread 0x0000016d9f8f0800 DEOPT UNPACKING pc=0x0000016d8580662f sp=0x0000000b957fa800 mode 2
Event: 16.492 Thread 0x0000016d9f8f0800 Uncommon trap: trap_request=0xffffffc6 fr.pc=0x0000016d8d3b0e78 relative=0x0000000000000218
Event: 16.492 Thread 0x0000016d9f8f0800 Uncommon trap: reason=bimorphic_or_optimized_type_check action=maybe_recompile pc=0x0000016d8d3b0e78 method=com.google.common.base.CharMatcher.indexIn(Ljava/lang/CharSequence;I)I @ 31 c2
Event: 16.492 Thread 0x0000016d9f8f0800 DEOPT PACKING pc=0x0000016d8d3b0e78 sp=0x0000000b957f83d0
Event: 16.492 Thread 0x0000016d9f8f0800 DEOPT UNPACKING pc=0x0000016d8580662f sp=0x0000000b957f8378 mode 2
Event: 16.506 Thread 0x0000016d9f8f0800 Uncommon trap: trap_request=0xffffffc6 fr.pc=0x0000016d8d3b0e78 relative=0x0000000000000218
Event: 16.506 Thread 0x0000016d9f8f0800 Uncommon trap: reason=bimorphic_or_optimized_type_check action=maybe_recompile pc=0x0000016d8d3b0e78 method=com.google.common.base.CharMatcher.indexIn(Ljava/lang/CharSequence;I)I @ 31 c2
Event: 16.506 Thread 0x0000016d9f8f0800 DEOPT PACKING pc=0x0000016d8d3b0e78 sp=0x0000000b957f83d0
Event: 16.506 Thread 0x0000016d9f8f0800 DEOPT UNPACKING pc=0x0000016d8580662f sp=0x0000000b957f8378 mode 2
Event: 16.512 Thread 0x0000016d9f8f0800 Uncommon trap: trap_request=0xffffffc6 fr.pc=0x0000016d8d3b0e78 relative=0x0000000000000218
Event: 16.512 Thread 0x0000016d9f8f0800 Uncommon trap: reason=bimorphic_or_optimized_type_check action=maybe_recompile pc=0x0000016d8d3b0e78 method=com.google.common.base.CharMatcher.indexIn(Ljava/lang/CharSequence;I)I @ 31 c2
Event: 16.512 Thread 0x0000016d9f8f0800 DEOPT PACKING pc=0x0000016d8d3b0e78 sp=0x0000000b957f9cc0
Event: 16.512 Thread 0x0000016d9f8f0800 DEOPT UNPACKING pc=0x0000016d8580662f sp=0x0000000b957f9c68 mode 2

Classes redefined (0 events):
No events

Internal exceptions (20 events):
Event: 13.996 Thread 0x0000016d9f8f0800 Exception <a 'java/lang/ClassNotFoundException'{0x0000000087438260}: org/gradle/api/internal/provider/AbstractPropertyCustomizer> (0x0000000087438260) thrown at [./src/hotspot/share/classfile/systemDictionary.cpp, line 231]
Event: 13.999 Thread 0x0000016d9f8f0800 Exception <a 'java/lang/ClassNotFoundException'{0x000000008746ab68}: org/gradle/api/internal/provider/DefaultPropertyCustomizer> (0x000000008746ab68) thrown at [./src/hotspot/share/classfile/systemDictionary.cpp, line 231]
Event: 14.303 Thread 0x0000016d9f8f0800 Exception <a 'java/lang/ClassNotFoundException'{0x000000008726ffd8}: org/gradle/initialization/DefaultProjectDescriptorBeanInfo> (0x000000008726ffd8) thrown at [./src/hotspot/share/classfile/systemDictionary.cpp, line 231]
Event: 14.304 Thread 0x0000016d9f8f0800 Exception <a 'java/lang/ClassNotFoundException'{0x0000000087296238}: org/gradle/initialization/DefaultProjectDescriptorCustomizer> (0x0000000087296238) thrown at [./src/hotspot/share/classfile/systemDictionary.cpp, line 231]
Event: 14.309 Thread 0x0000016d9f8f0800 Implicit null exception at 0x0000016d8d3f046f to 0x0000016d8d3f0518
Event: 15.712 Thread 0x0000016d9cf0b000 Exception <a 'java/lang/NoSuchMethodError'{0x0000000087d8f4f8}: <clinit>> (0x0000000087d8f4f8) thrown at [./src/hotspot/share/prims/jni.cpp, line 1362]
Event: 15.714 Thread 0x0000016d9cf0b000 Exception <a 'java/lang/NoSuchMethodError'{0x0000000087d90be8}: <clinit>> (0x0000000087d90be8) thrown at [./src/hotspot/share/prims/jni.cpp, line 1362]
Event: 15.725 Thread 0x0000016d9cf0b000 Exception <a 'java/lang/NoSuchMethodError'{0x000000008670e798}: <clinit>> (0x000000008670e798) thrown at [./src/hotspot/share/prims/jni.cpp, line 1362]
Event: 15.727 Thread 0x0000016d9cf0b000 Exception <a 'java/lang/NoSuchMethodError'{0x00000000867105e8}: <clinit>> (0x00000000867105e8) thrown at [./src/hotspot/share/prims/jni.cpp, line 1362]
Event: 15.734 Thread 0x0000016d9cf0b000 Exception <a 'java/lang/NoSuchMethodError'{0x000000008671fde0}: <clinit>> (0x000000008671fde0) thrown at [./src/hotspot/share/prims/jni.cpp, line 1362]
Event: 16.090 Thread 0x0000016d9f8f0800 Implicit null exception at 0x0000016d8d37ff74 to 0x0000016d8d380184
Event: 16.091 Thread 0x0000016d9f8f0800 Implicit null exception at 0x0000016d8d2dd478 to 0x0000016d8d2dd50a
Event: 16.465 Thread 0x0000016d9f8f0800 Exception <a 'java/lang/ClassNotFoundException'{0x000000008545a750}: build_6caqbpedkoacfwr6g1aukjzqqBeanInfo> (0x000000008545a750) thrown at [./src/hotspot/share/classfile/systemDictionary.cpp, line 231]
Event: 16.466 Thread 0x0000016d9f8f0800 Exception <a 'java/lang/ClassNotFoundException'{0x0000000085470c48}: org/gradle/api/internal/project/ProjectScriptBeanInfo> (0x0000000085470c48) thrown at [./src/hotspot/share/classfile/systemDictionary.cpp, line 231]
Event: 16.467 Thread 0x0000016d9f8f0800 Exception <a 'java/lang/ClassNotFoundException'{0x0000000085486dc0}: org/gradle/api/internal/project/ProjectScriptCustomizer> (0x0000000085486dc0) thrown at [./src/hotspot/share/classfile/systemDictionary.cpp, line 231]
Event: 16.468 Thread 0x0000016d9f8f0800 Exception <a 'java/lang/ClassNotFoundException'{0x00000000854a2070}: build_6caqbpedkoacfwr6g1aukjzqqCustomizer> (0x00000000854a2070) thrown at [./src/hotspot/share/classfile/systemDictionary.cpp, line 231]
Event: 16.485 Thread 0x0000016d9f8f0800 Exception <a 'java/lang/ClassNotFoundException'{0x000000008532baf0}: org/gradle/plugin/use/internal/PluginRequestCollector$PluginDependenciesSpecImplBeanInfo> (0x000000008532baf0) thrown at [./src/hotspot/share/classfile/systemDictionary.cpp, line 231]
Event: 16.488 Thread 0x0000016d9f8f0800 Exception <a 'java/lang/ClassNotFoundException'{0x000000008535a978}: org/gradle/plugin/use/internal/PluginRequestCollector$PluginDependenciesSpecImplCustomizer> (0x000000008535a978) thrown at [./src/hotspot/share/classfile/systemDictionary.cpp, line 231]
Event: 16.496 Thread 0x0000016d9f8f0800 Exception <a 'java/lang/ClassNotFoundException'{0x00000000853c0910}: org/gradle/plugin/use/internal/PluginRequestCollector$PluginDependencySpecImplBeanInfo> (0x00000000853c0910) thrown at [./src/hotspot/share/classfile/systemDictionary.cpp, line 231]
Event: 16.497 Thread 0x0000016d9f8f0800 Exception <a 'java/lang/ClassNotFoundException'{0x00000000853ee980}: org/gradle/plugin/use/internal/PluginRequestCollector$PluginDependencySpecImplCustomizer> (0x00000000853ee980) thrown at [./src/hotspot/share/classfile/systemDictionary.cpp, line 231]

Events (20 events):
Event: 16.591 loading class org/gradle/api/artifacts/ResolvableDependencies done
Event: 16.591 loading class org/gradle/api/artifacts/ArtifactView
Event: 16.591 loading class org/gradle/api/artifacts/ArtifactView done
Event: 16.593 loading class org/gradle/api/artifacts/Configuration$State
Event: 16.593 loading class org/gradle/api/artifacts/Configuration$State done
Event: 16.593 loading class org/gradle/api/internal/artifacts/configurations/MutationValidator$MutationType
Event: 16.593 loading class org/gradle/api/internal/artifacts/configurations/MutationValidator$MutationType done
Event: 16.594 loading class org/gradle/api/internal/artifacts/configurations/DefaultConfiguration$ConfigurationArtifactCollection
Event: 16.594 loading class org/gradle/api/internal/artifacts/configurations/DefaultConfiguration$ConfigurationArtifactCollection done
Event: 16.595 loading class org/gradle/api/internal/artifacts/configurations/ArtifactCollectionInternal
Event: 16.595 loading class org/gradle/api/internal/artifacts/configurations/ArtifactCollectionInternal done
Event: 16.595 loading class org/gradle/api/artifacts/ArtifactCollection
Event: 16.595 loading class org/gradle/api/artifacts/ArtifactCollection done
Event: 16.596 loading class org/gradle/internal/deprecation/DeprecationMessageBuilder$WithDocumentation
Event: 16.596 loading class org/gradle/internal/deprecation/DeprecationMessageBuilder$WithDocumentation done
Event: 16.597 loading class org/gradle/api/internal/artifacts/configurations/DefaultConfiguration$ConfigurationFileCollection
Event: 16.597 loading class org/gradle/api/internal/artifacts/configurations/DefaultConfiguration$ConfigurationFileCollection done
Event: 16.598 loading class org/gradle/api/internal/artifacts/configurations/OutgoingVariant
Event: 16.598 loading class org/gradle/api/internal/artifacts/configurations/OutgoingVariant done
Event: 16.599 Executing VM operation: G1CollectForAllocation


Dynamic libraries:
0x00007ff760890000 - 0x00007ff76089a000 	C:\Program Files\Android\Android Studio\jre\bin\java.exe
0x00007ff954250000 - 0x00007ff954445000 	C:\WINDOWS\SYSTEM32\ntdll.dll
0x00007ff954150000 - 0x00007ff95420e000 	C:\WINDOWS\System32\KERNEL32.DLL
0x00007ff951be0000 - 0x00007ff951ea8000 	C:\WINDOWS\System32\KERNELBASE.dll
0x00007ff9521b0000 - 0x00007ff9522b0000 	C:\WINDOWS\System32\ucrtbase.dll
0x00007ff947b10000 - 0x00007ff947b29000 	C:\Program Files\Android\Android Studio\jre\bin\jli.dll
0x00007ff953410000 - 0x00007ff9535b0000 	C:\WINDOWS\System32\USER32.dll
0x00007ff951bb0000 - 0x00007ff951bd2000 	C:\WINDOWS\System32\win32u.dll
0x00007ff953620000 - 0x00007ff95364a000 	C:\WINDOWS\System32\GDI32.dll
0x00007ff944f90000 - 0x00007ff944fa7000 	C:\Program Files\Android\Android Studio\jre\bin\VCRUNTIME140.dll
0x00007ff9520a0000 - 0x00007ff9521ab000 	C:\WINDOWS\System32\gdi32full.dll
0x00007ff951f50000 - 0x00007ff951fed000 	C:\WINDOWS\System32\msvcp_win.dll
0x00007ff93c140000 - 0x00007ff93c3da000 	C:\WINDOWS\WinSxS\amd64_microsoft.windows.common-controls_6595b64144ccf1df_6.0.19041.1110_none_60b5254171f9507e\COMCTL32.dll
0x00007ff953960000 - 0x00007ff9539fe000 	C:\WINDOWS\System32\msvcrt.dll
0x00007ff953110000 - 0x00007ff953140000 	C:\WINDOWS\System32\IMM32.DLL
0x00007ff92ea80000 - 0x00007ff92eb1d000 	C:\Program Files\Android\Android Studio\jre\bin\msvcp140.dll
0x00007ff8d2270000 - 0x00007ff8d2d45000 	C:\Program Files\Android\Android Studio\jre\bin\server\jvm.dll
0x00007ff9538a0000 - 0x00007ff95394e000 	C:\WINDOWS\System32\ADVAPI32.dll
0x00007ff952fb0000 - 0x00007ff95304c000 	C:\WINDOWS\System32\sechost.dll
0x00007ff9532e0000 - 0x00007ff953405000 	C:\WINDOWS\System32\RPCRT4.dll
0x00007ff953950000 - 0x00007ff953958000 	C:\WINDOWS\System32\PSAPI.DLL
0x00007ff9146d0000 - 0x00007ff9146d9000 	C:\WINDOWS\SYSTEM32\WSOCK32.dll
0x00007ff9535b0000 - 0x00007ff95361b000 	C:\WINDOWS\System32\WS2_32.dll
0x00007ff928c80000 - 0x00007ff928ca7000 	C:\WINDOWS\SYSTEM32\WINMM.dll
0x00007ff950770000 - 0x00007ff95077a000 	C:\WINDOWS\SYSTEM32\VERSION.dll
0x00007ff950730000 - 0x00007ff950742000 	C:\WINDOWS\SYSTEM32\kernel.appcore.dll
0x00007ff946400000 - 0x00007ff946411000 	C:\Program Files\Android\Android Studio\jre\bin\verify.dll
0x00007ff94d5d0000 - 0x00007ff94d7b4000 	C:\WINDOWS\SYSTEM32\DBGHELP.DLL
0x00007ff946790000 - 0x00007ff9467bc000 	C:\WINDOWS\SYSTEM32\dbgcore.DLL
0x00007ff9519c0000 - 0x00007ff951a42000 	C:\WINDOWS\System32\bcryptPrimitives.dll
0x00007ff946120000 - 0x00007ff946149000 	C:\Program Files\Android\Android Studio\jre\bin\java.dll
0x00007ff946b30000 - 0x00007ff946b3b000 	C:\Program Files\Android\Android Studio\jre\bin\jimage.dll
0x00007ff946000000 - 0x00007ff946018000 	C:\Program Files\Android\Android Studio\jre\bin\zip.dll
0x00007ff953a00000 - 0x00007ff954144000 	C:\WINDOWS\System32\SHELL32.dll
0x00007ff94ff90000 - 0x00007ff950724000 	C:\WINDOWS\SYSTEM32\windows.storage.dll
0x00007ff9528b0000 - 0x00007ff952c04000 	C:\WINDOWS\System32\combase.dll
0x00007ff951370000 - 0x00007ff95139c000 	C:\WINDOWS\SYSTEM32\Wldp.dll
0x00007ff953050000 - 0x00007ff9530fd000 	C:\WINDOWS\System32\SHCORE.dll
0x00007ff952e20000 - 0x00007ff952e75000 	C:\WINDOWS\System32\shlwapi.dll
0x00007ff9518b0000 - 0x00007ff9518cf000 	C:\WINDOWS\SYSTEM32\profapi.dll
0x00007ff9458d0000 - 0x00007ff9458ea000 	C:\Program Files\Android\Android Studio\jre\bin\net.dll
0x00007ff948120000 - 0x00007ff94822a000 	C:\WINDOWS\SYSTEM32\WINHTTP.dll
0x00007ff9510d0000 - 0x00007ff95113a000 	C:\WINDOWS\system32\mswsock.dll
0x00007ff945720000 - 0x00007ff945734000 	C:\Program Files\Android\Android Studio\jre\bin\nio.dll
0x00007ff945990000 - 0x00007ff9459b7000 	C:\Users\AYESHA\.gradle\native\e1d6ef7f7dcc3fd88c89a11ec53ec762bb8ba0a96d01ffa2cd45eb1d1d8dd5c5\windows-amd64\native-platform.dll
0x00007ff92a6e0000 - 0x00007ff92a824000 	C:\Users\AYESHA\.gradle\native\5664cfc778a61ccfe75a443a1ab52a65af34e5dc3c78e0209fed803814484fcb\windows-amd64\native-platform-file-events.dll
0x00007ff9463b0000 - 0x00007ff9463ba000 	C:\Program Files\Android\Android Studio\jre\bin\management.dll
0x00007ff946040000 - 0x00007ff94604d000 	C:\Program Files\Android\Android Studio\jre\bin\management_ext.dll
0x00007ff9512c0000 - 0x00007ff9512d8000 	C:\WINDOWS\SYSTEM32\CRYPTSP.dll
0x00007ff9509f0000 - 0x00007ff950a24000 	C:\WINDOWS\system32\rsaenh.dll
0x00007ff951f20000 - 0x00007ff951f47000 	C:\WINDOWS\System32\bcrypt.dll
0x00007ff951870000 - 0x00007ff95189e000 	C:\WINDOWS\SYSTEM32\USERENV.dll
0x00007ff9512e0000 - 0x00007ff9512ec000 	C:\WINDOWS\SYSTEM32\CRYPTBASE.dll
0x00007ff950dc0000 - 0x00007ff950dfb000 	C:\WINDOWS\SYSTEM32\IPHLPAPI.DLL
0x00007ff952360000 - 0x00007ff952368000 	C:\WINDOWS\System32\NSI.dll
0x00007ff946390000 - 0x00007ff9463a7000 	C:\WINDOWS\SYSTEM32\dhcpcsvc6.DLL
0x00007ff946370000 - 0x00007ff94638d000 	C:\WINDOWS\SYSTEM32\dhcpcsvc.DLL
0x00007ff950e00000 - 0x00007ff950ecb000 	C:\WINDOWS\SYSTEM32\DNSAPI.dll

dbghelp: loaded successfully - version: 4.0.5 - missing functions: none
symbol engine: initialized successfully - sym options: 0x614 - pdb path: .;C:\Program Files\Android\Android Studio\jre\bin;C:\WINDOWS\SYSTEM32;C:\WINDOWS\WinSxS\amd64_microsoft.windows.common-controls_6595b64144ccf1df_6.0.19041.1110_none_60b5254171f9507e;C:\Program Files\Android\Android Studio\jre\bin\server;C:\Users\AYESHA\.gradle\native\e1d6ef7f7dcc3fd88c89a11ec53ec762bb8ba0a96d01ffa2cd45eb1d1d8dd5c5\windows-amd64;C:\Users\AYESHA\.gradle\native\5664cfc778a61ccfe75a443a1ab52a65af34e5dc3c78e0209fed803814484fcb\windows-amd64

VM Arguments:
jvm_args: --add-opens=java.base/java.util=ALL-UNNAMED --add-opens=java.base/java.lang=ALL-UNNAMED --add-opens=java.base/java.lang.invoke=ALL-UNNAMED --add-opens=java.base/java.util=ALL-UNNAMED --add-opens=java.prefs/java.util.prefs=ALL-UNNAMED --add-opens=java.prefs/java.util.prefs=ALL-UNNAMED --add-opens=java.base/java.nio.charset=ALL-UNNAMED --add-opens=java.base/java.net=ALL-UNNAMED --add-opens=java.base/java.util.concurrent.atomic=ALL-UNNAMED -Xmx2048m -Dfile.encoding=UTF-8 -Duser.country=IN -Duser.language=en -Duser.variant 
java_command: org.gradle.launcher.daemon.bootstrap.GradleDaemon 7.2
java_class_path (initial): C:\Users\AYESHA\.gradle\wrapper\dists\gradle-7.2-bin\2dnblmf4td7x66yl1d74lt32g\gradle-7.2\lib\gradle-launcher-7.2.jar
Launcher Type: SUN_STANDARD

[Global flags]
     intx CICompilerCount                          = 3                                         {product} {ergonomic}
     uint ConcGCThreads                            = 1                                         {product} {ergonomic}
     uint G1ConcRefinementThreads                  = 4                                         {product} {ergonomic}
   size_t G1HeapRegionSize                         = 1048576                                   {product} {ergonomic}
    uintx GCDrainStackTargetSize                   = 64                                        {product} {ergonomic}
   size_t InitialHeapSize                          = 134217728                                 {product} {ergonomic}
   size_t MarkStackSize                            = 4194304                                   {product} {ergonomic}
   size_t MaxHeapSize                              = 2147483648                                {product} {command line}
   size_t MaxNewSize                               = 1287651328                                {product} {ergonomic}
   size_t MinHeapDeltaBytes                        = 1048576                                   {product} {ergonomic}
    uintx NonNMethodCodeHeapSize                   = 5830732                                {pd product} {ergonomic}
    uintx NonProfiledCodeHeapSize                  = 122913754                              {pd product} {ergonomic}
    uintx ProfiledCodeHeapSize                     = 122913754                              {pd product} {ergonomic}
    uintx ReservedCodeCacheSize                    = 251658240                              {pd product} {ergonomic}
     bool SegmentedCodeCache                       = true                                      {product} {ergonomic}
     bool UseCompressedClassPointers               = true                                 {lp64_product} {ergonomic}
     bool UseCompressedOops                        = true                                 {lp64_product} {ergonomic}
     bool UseG1GC                                  = true                                      {product} {ergonomic}
     bool UseLargePagesIndividualAllocation        = false                                  {pd product} {ergonomic}

Logging:
Log output configuration:
 #0: stdout all=warning uptime,level,tags
 #1: stderr all=off uptime,level,tags

Environment Variables:
PATH=C:\Program Files (x86)\Common Files\Oracle\Java\javapath;C:\Python\Python38;C:\Program Files\Java\jre1.8.0_191\bin;C:\Program Files\Java\jdk1.8.0_191\bin;C:\WINDOWS\system32;C:\WINDOWS;C:\WINDOWS\System32\Wbem;C:\WINDOWS\System32\WindowsPowerShell\v1.0\;C:\WINDOWS\System32\OpenSSH\;C:\Program Files\Git\cmd;C:\Program Files\nodejs\;C:\sqlite;C:\Users\AYESHA\AppData\Local\Microsoft\WindowsApps;
USERNAME=AYESHA
OS=Windows_NT
PROCESSOR_IDENTIFIER=Intel64 Family 6 Model 78 Stepping 3, GenuineIntel



---------------  S Y S T E M  ---------------

OS: Windows 10 , 64 bit Build 19041 (10.0.19041.1645)
OS uptime: 8 days 18:46 hours

CPU:total 4 (initial active 4) (2 cores per cpu, 2 threads per core) family 6 model 78 stepping 3 microcode 0xcc, cmov, cx8, fxsr, mmx, sse, sse2, sse3, ssse3, sse4.1, sse4.2, popcnt, avx, avx2, aes, clmul, erms, 3dnowpref, lzcnt, ht, tsc, tscinvbit, bmi1, bmi2, adx, fma

Memory: 4k page, system-wide physical 8072M (446M free)
TotalPageFile size 32648M (AvailPageFile size 28M)
current process WorkingSet (physical memory assigned to process): 233M, peak: 239M
current process commit charge ("private bytes"): 304M, peak: 329M

vm_info: OpenJDK 64-Bit Server VM (11.0.11+9-b60-7590822) for windows-amd64 JRE (11.0.11+9-b60-7590822), built on Jul 29 2021 21:43:44 by "builder" with MS VC++ 14.0 (VS2015)

END.
